[ 68-09-11 ][ 20:18:19 ]Serial Port : COM3
[ 68-09-11 ][ 20:18:19 ]BaudRate : 57600
[ 68-09-11 ][ 20:18:19 ]Port Open
[ 68-09-11 ][ 20:21:24 ]Serial Port : COM3
[ 68-09-11 ][ 20:21:24 ]BaudRate : 57600
[ 68-09-11 ][ 20:21:24 ]Port Open
[ 68-09-11 ][ 20:21:25 ]Q_SetLED->1 #|B|1|1|255|0|0|$
[ 68-09-11 ][ 20:21:26 ]Send->0#|B|1|1|255|0|0|$
[ 68-09-11 ][ 20:21:27 ]Q_SetLED->1 #|B|1|1|255|0|0|$
[ 68-09-11 ][ 20:21:27 ]Send->0#|B|1|1|255|0|0|$
[ 68-09-11 ][ 20:21:28 ]R->#|U|1|1|0|$
[ 68-09-11 ][ 20:22:51 ]Serial Port : COM3
[ 68-09-11 ][ 20:22:51 ]BaudRate : 57600
[ 68-09-11 ][ 20:22:51 ]Port Open
[ 68-09-11 ][ 20:22:55 ]Q_SetLED->1 #|B|1|0|255|0|0|$
[ 68-09-11 ][ 20:22:55 ]Send->0#|B|1|0|255|0|0|$
[ 68-09-11 ][ 20:22:58 ]Q_SetLED->1 #|B|1|1|255|0|0|$
[ 68-09-11 ][ 20:22:58 ]Send->0#|B|1|1|255|0|0|$
[ 68-09-11 ][ 20:23:02 ]Q_SetLED->1 #|B|1|2|255|0|0|$
[ 68-09-11 ][ 20:23:02 ]Send->0#|B|1|2|255|0|0|$
[ 68-09-11 ][ 20:23:25 ]Serial Port : COM3
[ 68-09-11 ][ 20:23:25 ]BaudRate : 57600
[ 68-09-11 ][ 20:23:25 ]Port Open
