[ 68-09-16 ][ 17:26:35 ]Serial Port : COM3
[ 68-09-16 ][ 17:26:35 ]BaudRate : 57600
[ 68-09-16 ][ 17:26:37 ]Port Open
[ 68-09-16 ][ 17:26:37 ]Q_SetLED->1 #|B|1|1|255|0|0|$
[ 68-09-16 ][ 17:26:38 ]Send->0#|B|1|1|255|0|0|$
[ 68-09-16 ][ 17:27:58 ]Serial Port : COM3
[ 68-09-16 ][ 17:27:58 ]BaudRate : 57600
[ 68-09-16 ][ 17:27:59 ]Port Open
[ 68-09-16 ][ 17:28:00 ]Q_SetLED->1 #|B|1|1|255|0|0|$
[ 68-09-16 ][ 17:28:00 ]Send->0#|B|1|1|255|0|0|$
[ 68-09-16 ][ 17:32:12 ]Serial Port : COM3
[ 68-09-16 ][ 17:32:12 ]BaudRate : 57600
[ 68-09-16 ][ 17:32:14 ]Port Open
[ 68-09-16 ][ 17:32:15 ]Q_SetLED->1 #|B|1|1|255|0|0|$
[ 68-09-16 ][ 17:32:15 ]Send->0#|B|1|1|255|0|0|$
[ 68-09-16 ][ 17:32:53 ]Serial Port : COM3
[ 68-09-16 ][ 17:32:53 ]BaudRate : 57600
[ 68-09-16 ][ 17:32:55 ]Port Open
[ 68-09-16 ][ 17:32:55 ]Q_SetLED->1 #|B|1|1|255|0|0|$
[ 68-09-16 ][ 17:32:55 ]Send->0#|B|1|1|255|0|0|$
[ 68-09-16 ][ 17:34:45 ]Serial Port : COM3
[ 68-09-16 ][ 17:34:45 ]BaudRate : 57600
[ 68-09-16 ][ 17:34:47 ]Port Open
[ 68-09-16 ][ 17:34:47 ]Q_SetLED->1 #|B|1|1|255|0|0|$
[ 68-09-16 ][ 17:34:47 ]Send->0#|B|1|1|255|0|0|$
[ 68-09-16 ][ 17:35:57 ]Serial Port : COM3
[ 68-09-16 ][ 17:35:57 ]BaudRate : 57600
[ 68-09-16 ][ 17:35:59 ]Port Open
[ 68-09-16 ][ 17:35:59 ]Q_SetLED->1 #|B|1|1|255|0|0|$
[ 68-09-16 ][ 17:35:59 ]Send->0#|B|1|1|255|0|0|$
[ 68-09-16 ][ 17:38:03 ]Serial Port : COM3
[ 68-09-16 ][ 17:38:03 ]BaudRate : 57600
[ 68-09-16 ][ 17:38:04 ]Port Open
[ 68-09-16 ][ 17:38:05 ]Q_SetLED->1 #|B|1|1|255|0|0|$
[ 68-09-16 ][ 17:38:05 ]Send->0#|B|1|1|255|0|0|$
[ 68-09-16 ][ 17:43:54 ]Serial Port : COM3
[ 68-09-16 ][ 17:43:54 ]BaudRate : 57600
[ 68-09-16 ][ 17:43:56 ]Port Open
[ 68-09-16 ][ 17:43:57 ]Q_SetLED->1 #|B|1|1|255|0|0|$
[ 68-09-16 ][ 17:43:57 ]Send->0#|B|1|1|255|0|0|$
[ 68-09-16 ][ 17:46:53 ]Serial Port : COM3
[ 68-09-16 ][ 17:46:53 ]BaudRate : 57600
[ 68-09-16 ][ 17:46:55 ]Port Open
[ 68-09-16 ][ 17:46:55 ]Q_SetLED->1 #|B|1|1|255|0|0|$
[ 68-09-16 ][ 17:46:56 ]Send->0#|B|1|1|255|0|0|$
[ 68-09-16 ][ 17:59:07 ]Serial Port : COM3
[ 68-09-16 ][ 17:59:07 ]BaudRate : 57600
[ 68-09-16 ][ 17:59:09 ]Port Open
[ 68-09-16 ][ 17:59:10 ]Q_SetLED->1 #|B|1|1|255|0|0|$
[ 68-09-16 ][ 17:59:10 ]Send->0#|B|1|1|255|0|0|$
[ 68-09-16 ][ 18:09:18 ]Serial Port : COM3
[ 68-09-16 ][ 18:09:18 ]BaudRate : 57600
[ 68-09-16 ][ 18:09:21 ]Port Open
[ 68-09-16 ][ 18:09:21 ]Q_SetLED->1 #|B|1|1|255|0|0|$
[ 68-09-16 ][ 18:09:30 ]Send->0#|B|1|1|255|0|0|$
[ 68-09-16 ][ 18:10:28 ]Serial Port : COM3
[ 68-09-16 ][ 18:10:28 ]BaudRate : 57600
[ 68-09-16 ][ 18:10:30 ]Port Open
[ 68-09-16 ][ 18:10:30 ]Q_SetLED->1 #|B|1|1|255|0|0|$
[ 68-09-16 ][ 18:10:35 ]Send->0#|B|1|1|255|0|0|$
[ 68-09-16 ][ 18:14:03 ]Serial Port : COM3
[ 68-09-16 ][ 18:14:03 ]BaudRate : 57600
[ 68-09-16 ][ 18:14:05 ]Port Open
[ 68-09-16 ][ 18:14:05 ]Q_SetLED->1 #|B|1|1|255|0|0|$
[ 68-09-16 ][ 18:14:10 ]Send->0#|B|1|1|255|0|0|$
[ 68-09-16 ][ 18:15:40 ]Serial Port : COM3
[ 68-09-16 ][ 18:15:40 ]BaudRate : 57600
[ 68-09-16 ][ 18:15:42 ]Port Open
[ 68-09-16 ][ 18:15:42 ]Q_SetLED->1 #|B|1|1|255|0|0|$
[ 68-09-16 ][ 18:15:43 ]Send->0#|B|1|1|255|0|0|$
[ 68-09-16 ][ 18:18:15 ]Serial Port : COM3
[ 68-09-16 ][ 18:18:15 ]BaudRate : 57600
[ 68-09-16 ][ 18:18:19 ]Port Open
[ 68-09-16 ][ 18:35:22 ]Serial Port : COM3
[ 68-09-16 ][ 18:35:22 ]BaudRate : 57600
[ 68-09-16 ][ 18:35:23 ]Port Open
[ 68-09-16 ][ 18:50:25 ]Serial Port : COM3
[ 68-09-16 ][ 18:50:25 ]BaudRate : 57600
[ 68-09-16 ][ 18:50:26 ]Port Open
[ 68-09-16 ][ 18:57:01 ]Serial Port : COM3
[ 68-09-16 ][ 18:57:01 ]BaudRate : 57600
[ 68-09-16 ][ 18:57:03 ]Port Open
[ 68-09-16 ][ 18:57:39 ]Serial Port : COM3
[ 68-09-16 ][ 18:57:39 ]BaudRate : 57600
[ 68-09-16 ][ 18:57:41 ]Port Open
[ 68-09-16 ][ 18:58:59 ]Serial Port : COM3
[ 68-09-16 ][ 18:58:59 ]BaudRate : 57600
[ 68-09-16 ][ 18:59:01 ]Port Open
[ 68-09-16 ][ 19:06:22 ]Serial Port : COM3
[ 68-09-16 ][ 19:06:22 ]BaudRate : 57600
[ 68-09-16 ][ 19:06:24 ]Port Open
[ 68-09-16 ][ 19:33:39 ]Serial Port : COM3
[ 68-09-16 ][ 19:33:39 ]BaudRate : 57600
[ 68-09-16 ][ 19:33:41 ]Port Open
[ 68-09-16 ][ 19:52:11 ]Serial Port : COM3
[ 68-09-16 ][ 19:52:11 ]BaudRate : 57600
[ 68-09-16 ][ 19:52:13 ]Port Open
[ 68-09-16 ][ 19:55:04 ]Serial Port : COM3
[ 68-09-16 ][ 19:55:04 ]BaudRate : 57600
[ 68-09-16 ][ 19:55:06 ]Port Open
[ 68-09-16 ][ 19:55:32 ]Serial Port : COM3
[ 68-09-16 ][ 19:55:32 ]BaudRate : 57600
[ 68-09-16 ][ 19:55:34 ]Port Open
[ 68-09-16 ][ 19:56:15 ]Serial Port : COM3
[ 68-09-16 ][ 19:56:15 ]BaudRate : 57600
[ 68-09-16 ][ 19:56:17 ]Port Open
[ 68-09-16 ][ 20:12:39 ]Serial Port : COM3
[ 68-09-16 ][ 20:12:39 ]BaudRate : 57600
[ 68-09-16 ][ 20:17:00 ]Serial Port : COM3
[ 68-09-16 ][ 20:17:00 ]BaudRate : 57600
[ 68-09-16 ][ 20:17:57 ]Serial Port : COM3
[ 68-09-16 ][ 20:17:57 ]BaudRate : 57600
[ 68-09-16 ][ 20:20:04 ]Serial Port : COM3
[ 68-09-16 ][ 20:20:04 ]BaudRate : 57600
[ 68-09-16 ][ 20:21:22 ]Serial Port : COM3
[ 68-09-16 ][ 20:21:22 ]BaudRate : 57600
[ 68-09-16 ][ 20:22:34 ]Serial Port : COM3
[ 68-09-16 ][ 20:22:34 ]BaudRate : 57600
[ 68-09-16 ][ 20:26:44 ]Serial Port : COM3
[ 68-09-16 ][ 20:26:44 ]BaudRate : 57600
