[ 68-09-12 ][ 12:03:39 ]Serial Port : COM3
[ 68-09-12 ][ 12:03:39 ]BaudRate : 57600
[ 68-09-12 ][ 12:03:44 ]Q_SetLED->1 #|B|1|1|255|0|0|$
[ 68-09-12 ][ 12:03:58 ]Serial Port : COM3
[ 68-09-12 ][ 12:03:58 ]BaudRate : 57600
[ 68-09-12 ][ 12:03:58 ]Port Open
[ 68-09-12 ][ 12:03:59 ]Q_SetLED->1 #|B|1|1|255|0|0|$
[ 68-09-12 ][ 12:03:59 ]Send->0#|B|1|1|255|0|0|$
[ 68-09-12 ][ 15:01:32 ]Serial Port : COM3
[ 68-09-12 ][ 15:01:32 ]BaudRate : 57600
[ 68-09-12 ][ 15:01:51 ]Q_SetLED->1 #|B|1|1|255|0|0|$
[ 68-09-12 ][ 15:10:43 ]Serial Port : COM3
[ 68-09-12 ][ 15:10:43 ]BaudRate : 57600
[ 68-09-12 ][ 15:10:47 ]Q_SetLED->1 #|B|1|1|255|0|0|$
[ 68-09-12 ][ 15:12:16 ]Serial Port : COM3
[ 68-09-12 ][ 15:12:16 ]BaudRate : 57600
[ 68-09-12 ][ 15:12:19 ]Q_SetLED->1 #|B|1|1|255|0|0|$
[ 68-09-12 ][ 15:13:09 ]Serial Port : COM3
[ 68-09-12 ][ 15:13:09 ]BaudRate : 57600
[ 68-09-12 ][ 15:13:11 ]Q_SetLED->1 #|B|1|1|255|0|0|$
[ 68-09-12 ][ 15:14:45 ]Serial Port : COM3
[ 68-09-12 ][ 15:14:45 ]BaudRate : 57600
[ 68-09-12 ][ 15:14:47 ]Q_SetLED->1 #|B|1|1|255|0|0|$
[ 68-09-12 ][ 15:18:46 ]Serial Port : COM3
[ 68-09-12 ][ 15:18:46 ]BaudRate : 57600
[ 68-09-12 ][ 15:18:48 ]Q_SetLED->1 #|B|1|1|255|0|0|$
[ 68-09-12 ][ 15:23:39 ]Serial Port : COM3
[ 68-09-12 ][ 15:23:39 ]BaudRate : 57600
[ 68-09-12 ][ 15:23:41 ]Q_SetLED->1 #|B|1|1|255|0|0|$
[ 68-09-12 ][ 15:24:10 ]Serial Port : COM3
[ 68-09-12 ][ 15:24:10 ]BaudRate : 57600
[ 68-09-12 ][ 15:24:12 ]Q_SetLED->1 #|B|1|1|255|0|0|$
